2025-02-02 07:01:17,974 - INFO - Iniciando proceso de extracción y publicación de noticias.
2025-02-02 07:01:17,974 - INFO - Obteniendo noticias de: https://www.eltiempo.com/noticias/perros
2025-02-02 07:01:18,683 - INFO - Noticias obtenidas: 23
2025-02-02 07:01:18,684 - INFO - Noticias obtenidas: 5
2025-02-02 07:01:18,684 - INFO - Procesando noticia desde: https://www.eltiempo.com/cultura/gente/como-saber-si-su-perrita-esta-bien-despues-del-parto-atento-a-estos-signos-de-alerta-3422504
2025-02-02 07:01:19,158 - INFO - Reescribiendo la noticia...
2025-02-02 07:01:19,197 - ERROR - Error al reescribir la noticia: 404 Client Error: Not Found for url: http://localhost:41343/api
2025-02-02 07:01:19,198 - INFO - Publicando en WordPress: ¿Cómo saber si su perrita está bien después del parto?: atento a estos signos de alerta
2025-02-02 07:01:19,198 - ERROR - Error al publicar en WordPress: unsupported XML-RPC protocol
2025-02-02 07:01:19,198 - INFO - Noticia procesada y guardada: https://www.eltiempo.com/cultura/gente/como-saber-si-su-perrita-esta-bien-despues-del-parto-atento-a-estos-signos-de-alerta-3422504
2025-02-02 07:01:19,198 - INFO - Procesando noticia desde: https://www.eltiempo.com/bogota/desalojaran-fundacion-con-300-perros-rescatados-duenos-piden-ayuda-para-encontrar-nueva-sede-cerca-de-bogota-3422197
2025-02-02 07:01:19,726 - INFO - Reescribiendo la noticia...
2025-02-02 07:01:19,740 - ERROR - Error al reescribir la noticia: 404 Client Error: Not Found for url: http://localhost:41343/api
2025-02-02 07:01:19,741 - INFO - Publicando en WordPress: Desalojarán fundación con 300 perros rescatados: dueños piden ayuda para encontrar nueva sede cerca de Bogotá
2025-02-02 07:01:19,741 - ERROR - Error al publicar en WordPress: unsupported XML-RPC protocol
2025-02-02 07:01:19,741 - INFO - Noticia procesada y guardada: https://www.eltiempo.com/bogota/desalojaran-fundacion-con-300-perros-rescatados-duenos-piden-ayuda-para-encontrar-nueva-sede-cerca-de-bogota-3422197
2025-02-02 07:01:19,741 - INFO - Procesando noticia desde: https://www.eltiempo.com/economia/finanzas-personales/quienes-vivan-en-conjuntos-residenciales-y-tengan-perros-deberan-cumplir-con-esta-normativa-habra-sanciones-severas-3420898
2025-02-02 07:01:20,191 - INFO - Reescribiendo la noticia...
2025-02-02 07:01:20,195 - ERROR - Error al reescribir la noticia: 404 Client Error: Not Found for url: http://localhost:41343/api
2025-02-02 07:01:20,195 - INFO - Publicando en WordPress: Quienes vivan en conjuntos residenciales y tengan perros deberán cumplir con esta normativa: habrá sanciones severas
2025-02-02 07:01:20,195 - ERROR - Error al publicar en WordPress: unsupported XML-RPC protocol
2025-02-02 07:01:20,195 - INFO - Noticia procesada y guardada: https://www.eltiempo.com/economia/finanzas-personales/quienes-vivan-en-conjuntos-residenciales-y-tengan-perros-deberan-cumplir-con-esta-normativa-habra-sanciones-severas-3420898
2025-02-02 07:01:20,195 - INFO - Procesando noticia desde: https://www.eltiempo.com/cultura/gente/hombre-fue-multado-por-mas-de-15-millones-de-pesos-por-no-controlar-los-ladridos-de-su-perro-3419810
2025-02-02 07:01:20,665 - INFO - Reescribiendo la noticia...
2025-02-02 07:01:20,667 - ERROR - Error al reescribir la noticia: 404 Client Error: Not Found for url: http://localhost:41343/api
2025-02-02 07:01:20,668 - INFO - Publicando en WordPress: Hombre tendrá que pagarle a sus vecinos más de 15 millones de pesos por los ladridos de su perro
2025-02-02 07:01:20,668 - ERROR - Error al publicar en WordPress: unsupported XML-RPC protocol
2025-02-02 07:01:20,668 - INFO - Noticia procesada y guardada: https://www.eltiempo.com/cultura/gente/hombre-fue-multado-por-mas-de-15-millones-de-pesos-por-no-controlar-los-ladridos-de-su-perro-3419810
2025-02-02 07:01:20,668 - INFO - Procesando noticia desde: https://www.eltiempo.com/vida/mascotas/como-identificar-y-tratar-el-golpe-de-calor-en-perros-y-gatos-3419455
2025-02-02 07:01:21,164 - INFO - Reescribiendo la noticia...
2025-02-02 07:01:21,169 - ERROR - Error al reescribir la noticia: 404 Client Error: Not Found for url: http://localhost:41343/api
2025-02-02 07:01:21,169 - INFO - Publicando en WordPress: ¿Cómo identificar y tratar el golpe de calor en perros y gatos?
2025-02-02 07:01:21,170 - ERROR - Error al publicar en WordPress: unsupported XML-RPC protocol
2025-02-02 07:01:21,170 - INFO - Noticia procesada y guardada: https://www.eltiempo.com/vida/mascotas/como-identificar-y-tratar-el-golpe-de-calor-en-perros-y-gatos-3419455
2025-02-02 07:01:21,170 - INFO - Proceso completado
